<?xml version="1.0" encoding="UTF-8"?>
<!-- Generated by org.testng.reporters.JUnitReportReporter -->
<testsuite hostname="Art-Samir" failures="0" tests="5" name="restAssured.PostHookAPI" time="17.031" errors="0" timestamp="15 Jul 2024 11:04:02 GMT" skipped="0">
  <testcase classname="restAssured.PostHookAPI" name="scheduleAHook" time="5.735"/>
  <testcase classname="restAssured.PostHookAPI" name="getAHook" time="4.719"/>
  <testcase classname="restAssured.PostHookAPI" name="getHookwithID" time="2.297"/>
  <testcase classname="restAssured.PostHookAPI" name="deleteAHook" time="2.295"/>
  <testcase classname="restAssured.PostHookAPI" name="putData" time="1.985"/>
</testsuite> <!-- restAssured.PostHookAPI -->
